2018.9.10   
    Game2048项目建立
    数据左侧合并功能完成
    指定方向调整完成
    控制台界面显示及控制完成
    初始化界面及随机生成初始砖块完成
    TODO:   新砖块生成的漏洞修复
            游戏结束判断
2018.9.11
    测试版同项目合并
    修正了新砖块生成的错误
    重写了游戏结束的判断
    TODO：  修正游戏结束判断
2018.9.12
    调整了多个函数的返回类型
    调整了游戏结束的判断，现更改为全局变量
    TODO：  修正游戏结束判断
2018.9.14
    对开发板的显示屏和触控板进行了调试
    对接口类型和数据显示进行了确认
    TODO：  修正游戏结束判断
            完成显示屏显示
            完成触摸板移动判定
2018.9.17   Part1
    完成了触摸板的反馈
    修正了部分图片显示位置
2018.9.17   Part2
    对屏幕显示的反馈进行了部分修正
    增加了无法移动的判定
    修正了游戏结束的判定
    添加了数据是否已满的判定
    调整了游戏逻辑判断的顺序
    为主函数增加了详细的注释
    TODO：  稳定性测试
            计分判定
            宏定义改变游戏规格
2018.9.18
    完成了计分判定
    对游戏的暂停和继续方式进行了初步设计
    完成了分数在开发板上的显示
    修正了之前的显示和移动错误
    修正了手势上滑检测失败的问题
    优化了界面显示效果
    对最高分进行单独的记录
    TODO：  完成暂停和继续功能
            修改最高分的UI位置
2018.9.19
    增加了即时存档功能
    增加了自动恢复进度的功能
    调整了分数显示的UI问题
    TODO：  增加游戏结束的屏幕显示
2018.9.20
    完善了得分情况的存档和加载
    增加了游戏结束时的提示情况
    修正了新方块的生成问题